<?xml version="1.0" encoding="UTF-8"?>
<!-- Generated by org.testng.reporters.JUnitReportReporter -->
<testsuite skipped="0" hostname="DESKTOP-O2O867P" name="com.Day3.Selenium.SelectFacebookDropdown2" tests="1" failures="0" timestamp="2020-05-27T19:33:26 IST" time="13.006" errors="0">
  <testcase name="selectDDValues" time="13.006" classname="com.Day3.Selenium.SelectFacebookDropdown2"/>
  <system-out/>
</testsuite> <!-- com.Day3.Selenium.SelectFacebookDropdown2 -->
