<?xml version="1.0" encoding="UTF-8"?>
<!-- Generated by org.testng.reporters.JUnitReportReporter -->
<testsuite skipped="0" hostname="DESKTOP-O2O867P" name="com.Day3.Selenium.SelectFacebookDropdown" tests="1" failures="0" timestamp="2020-05-27T10:46:22 IST" time="37.686" errors="0">
  <testcase name="selectDDValues" time="37.686" classname="com.Day3.Selenium.SelectFacebookDropdown"/>
  <system-out/>
</testsuite> <!-- com.Day3.Selenium.SelectFacebookDropdown -->
