<?xml version="1.0" encoding="UTF-8"?>
<!-- Generated by org.testng.reporters.JUnitReportReporter -->
<testsuite skipped="0" hostname="DESKTOP-O2O867P" name="com.Day2.Selenium.Demo1" tests="2" failures="0" timestamp="2020-05-23T19:41:43 IST" time="10.200" errors="0">
  <testcase name="test1" time="9.443" classname="com.Day2.Selenium.Demo1"/>
  <system-out/>
  <testcase name="test2" time="0.757" classname="com.Day2.Selenium.Demo1"/>
  <system-out/>
</testsuite> <!-- com.Day2.Selenium.Demo1 -->
